# JRE version: OpenJDK Runtime Environment (17.0.7) (build 17.0.7+0-b2043.56-10550314)
# Java VM: OpenJDK 64-Bit Server VM (17.0.7+0-b2043.56-10550314, mixed mode, tiered, compressed oops, compressed class ptrs, g1 gc, windows-amd64)
GC Precious Log:
 CPUs: 8 total, 8 available
 Memory: 6091M
 Large Page Support: Disabled
 NUMA Support: Disabled
 Compressed Oops: Enabled (32-bit)
 Heap Region Size: 1M
 Heap Min Capacity: 8M
 Heap Initial Capacity: 96M
 Heap Max Capacity: 2G
 Pre-touch: Disabled
 Parallel Workers: 8
 Concurrent Workers: 2
 Concurrent Refinement Workers: 8
 Periodic GC: Disabled
Heap:
 garbage-first heap   total 232448K, used 138945K [0x0000000080000000, 0x0000000100000000)
  region size 1024K, 4 young (4096K), 4 survivors (4096K)
 Metaspace       used 96126K, committed 96896K, reserved 1179648K
  class space    used 13174K, committed 13568K, reserved 1048576K
GC Heap History (20 events):
Event: 15.383 GC heap after
{Heap after GC invocations=51 (full 0):
 garbage-first heap   total 163840K, used 97522K [0x0000000080000000, 0x0000000100000000)
  region size 1024K, 5 young (5120K), 5 survivors (5120K)
 Metaspace       used 83083K, committed 83776K, reserved 1179648K
  class space    used 11178K, committed 11456K, reserved 1048576K
}
Event: 15.659 GC heap before
{Heap before GC invocations=51 (full 0):
 garbage-first heap   total 163840K, used 110834K [0x0000000080000000, 0x0000000100000000)
  region size 1024K, 19 young (19456K), 5 survivors (5120K)
 Metaspace       used 84139K, committed 84864K, reserved 1179648K
  class space    used 11331K, committed 11648K, reserved 1048576K
}
Event: 15.664 GC heap after
{Heap after GC invocations=52 (full 0):
 garbage-first heap   total 196608K, used 99105K [0x0000000080000000, 0x0000000100000000)
  region size 1024K, 2 young (2048K), 2 survivors (2048K)
 Metaspace       used 84139K, committed 84864K, reserved 1179648K
  class space    used 11331K, committed 11648K, reserved 1048576K
}
Event: 16.859 GC heap before
{Heap before GC invocations=53 (full 0):
 garbage-first heap   total 196608K, used 154401K [0x0000000080000000, 0x0000000100000000)
  region size 1024K, 55 young (56320K), 2 survivors (2048K)
 Metaspace       used 88343K, committed 89024K, reserved 1179648K
  class space    used 12114K, committed 12416K, reserved 1048576K
}
Event: 16.864 GC heap after
{Heap after GC invocations=54 (full 0):
 garbage-first heap   total 196608K, used 100191K [0x0000000080000000, 0x0000000100000000)
  region size 1024K, 3 young (3072K), 3 survivors (3072K)
 Metaspace       used 88343K, committed 89024K, reserved 1179648K
  class space    used 12114K, committed 12416K, reserved 1048576K
}
Event: 17.008 GC heap before
{Heap before GC invocations=54 (full 0):
 garbage-first heap   total 196608K, used 106335K [0x0000000080000000, 0x0000000100000000)
  region size 1024K, 9 young (9216K), 3 survivors (3072K)
 Metaspace       used 88784K, committed 89472K, reserved 1179648K
  class space    used 12176K, committed 12480K, reserved 1048576K
}
Event: 17.013 GC heap after
{Heap after GC invocations=55 (full 0):
 garbage-first heap   total 196608K, used 100139K [0x0000000080000000, 0x0000000100000000)
  region size 1024K, 1 young (1024K), 1 survivors (1024K)
 Metaspace       used 88784K, committed 89472K, reserved 1179648K
  class space    used 12176K, committed 12480K, reserved 1048576K
}
Event: 17.899 GC heap before
{Heap before GC invocations=55 (full 0):
 garbage-first heap   total 196608K, used 149291K [0x0000000080000000, 0x0000000100000000)
  region size 1024K, 51 young (52224K), 1 survivors (1024K)
 Metaspace       used 92299K, committed 92992K, reserved 1179648K
  class space    used 12655K, committed 12992K, reserved 1048576K
}
Event: 17.904 GC heap after
{Heap after GC invocations=56 (full 0):
 garbage-first heap   total 196608K, used 104964K [0x0000000080000000, 0x0000000100000000)
  region size 1024K, 6 young (6144K), 6 survivors (6144K)
 Metaspace       used 92299K, committed 92992K, reserved 1179648K
  class space    used 12655K, committed 12992K, reserved 1048576K
}
Event: 18.881 GC heap before
{Heap before GC invocations=57 (full 0):
 garbage-first heap   total 196608K, used 174596K [0x0000000080000000, 0x0000000100000000)
  region size 1024K, 59 young (60416K), 6 survivors (6144K)
 Metaspace       used 96098K, committed 96896K, reserved 1179648K
  class space    used 13173K, committed 13568K, reserved 1048576K
}
Event: 18.898 GC heap after
{Heap after GC invocations=58 (full 0):
 garbage-first heap   total 196608K, used 126956K [0x0000000080000000, 0x0000000100000000)
  region size 1024K, 8 young (8192K), 8 survivors (8192K)
 Metaspace       used 96098K, committed 96896K, reserved 1179648K
  class space    used 13173K, committed 13568K, reserved 1048576K
}
Event: 18.903 GC heap before
{Heap before GC invocations=58 (full 0):
 garbage-first heap   total 196608K, used 127980K [0x0000000080000000, 0x0000000100000000)
  region size 1024K, 9 young (9216K), 8 survivors (8192K)
 Metaspace       used 96098K, committed 96896K, reserved 1179648K
  class space    used 13173K, committed 13568K, reserved 1048576K
}
Event: 18.910 GC heap after
{Heap after GC invocations=59 (full 0):
 garbage-first heap   total 196608K, used 128074K [0x0000000080000000, 0x0000000100000000)
  region size 1024K, 1 young (1024K), 1 survivors (1024K)
 Metaspace       used 96098K, committed 96896K, reserved 1179648K
  class space    used 13173K, committed 13568K, reserved 1048576K
}
Event: 19.244 GC heap before
{Heap before GC invocations=59 (full 0):
 garbage-first heap   total 196608K, used 158794K [0x0000000080000000, 0x0000000100000000)
  region size 1024K, 32 young (32768K), 1 survivors (1024K)
 Metaspace       used 96099K, committed 96896K, reserved 1179648K
  class space    used 13173K, committed 13568K, reserved 1048576K
}
Event: 19.254 GC heap after
{Heap after GC invocations=60 (full 0):
 garbage-first heap   total 196608K, used 139421K [0x0000000080000000, 0x0000000100000000)
  region size 1024K, 4 young (4096K), 4 survivors (4096K)
 Metaspace       used 96099K, committed 96896K, reserved 1179648K
  class space    used 13173K, committed 13568K, reserved 1048576K
}
Event: 19.789 GC heap before
{Heap before GC invocations=61 (full 0):
 garbage-first heap   total 232448K, used 153757K [0x0000000080000000, 0x0000000100000000)
  region size 1024K, 22 young (22528K), 4 survivors (4096K)
 Metaspace       used 96124K, committed 96896K, reserved 1179648K
  class space    used 13173K, committed 13568K, reserved 1048576K
}
Event: 19.795 GC heap after
{Heap after GC invocations=62 (full 0):
 garbage-first heap   total 232448K, used 137429K [0x0000000080000000, 0x0000000100000000)
  region size 1024K, 3 young (3072K), 3 survivors (3072K)
 Metaspace       used 96124K, committed 96896K, reserved 1179648K
  class space    used 13173K, committed 13568K, reserved 1048576K
}
Event: 19.955 GC heap before
{Heap before GC invocations=62 (full 0):
 garbage-first heap   total 232448K, used 145621K [0x0000000080000000, 0x0000000100000000)
  region size 1024K, 11 young (11264K), 3 survivors (3072K)
 Metaspace       used 96124K, committed 96896K, reserved 1179648K
  class space    used 13173K, committed 13568K, reserved 1048576K
}
Event: 19.959 GC heap after
{Heap after GC invocations=63 (full 0):
 garbage-first heap   total 232448K, used 136947K [0x0000000080000000, 0x0000000100000000)
  region size 1024K, 2 young (2048K), 2 survivors (2048K)
 Metaspace       used 96124K, committed 96896K, reserved 1179648K
  class space    used 13173K, committed 13568K, reserved 1048576K
}
Event: 20.709 GC heap before
{Heap before GC invocations=63 (full 0):
 garbage-first heap   total 232448K, used 184051K [0x0000000080000000, 0x0000000100000000)
  region size 1024K, 48 young (49152K), 2 survivors (2048K)
 Metaspace       used 96126K, committed 96896K, reserved 1179648K
  class space    used 13174K, committed 13568K, reserved 1048576K
}

