# JRE version: OpenJDK Runtime Environment (17.0.7) (build 17.0.7+0-b2043.56-10550314)
# Java VM: OpenJDK 64-Bit Server VM (17.0.7+0-b2043.56-10550314, mixed mode, tiered, compressed oops, compressed class ptrs, g1 gc, windows-amd64)
GC Precious Log:
 CPUs: 8 total, 8 available
 Memory: 6091M
 Large Page Support: Disabled
 NUMA Support: Disabled
 Compressed Oops: Enabled (32-bit)
 Heap Region Size: 1M
 Heap Min Capacity: 8M
 Heap Initial Capacity: 96M
 Heap Max Capacity: 2G
 Pre-touch: Disabled
 Parallel Workers: 8
 Concurrent Workers: 2
 Concurrent Refinement Workers: 8
 Periodic GC: Disabled
Heap:
 garbage-first heap   total 76800K, used 47990K [0x0000000080000000, 0x0000000100000000)
  region size 1024K, 12 young (12288K), 1 survivors (1024K)
 Metaspace       used 45702K, committed 46080K, reserved 1114112K
  class space    used 6065K, committed 6208K, reserved 1048576K
GC Heap History (20 events):
Event: 3.146 GC heap before
{Heap before GC invocations=2 (full 0):
 garbage-first heap   total 98304K, used 56714K [0x0000000080000000, 0x0000000100000000)
  region size 1024K, 46 young (47104K), 2 survivors (2048K)
 Metaspace       used 21301K, committed 21504K, reserved 1114112K
  class space    used 2568K, committed 2688K, reserved 1048576K
}
Event: 3.153 GC heap after
{Heap after GC invocations=3 (full 0):
 garbage-first heap   total 98304K, used 18906K [0x0000000080000000, 0x0000000100000000)
  region size 1024K, 7 young (7168K), 7 survivors (7168K)
 Metaspace       used 21301K, committed 21504K, reserved 1114112K
  class space    used 2568K, committed 2688K, reserved 1048576K
}
Event: 4.081 GC heap before
{Heap before GC invocations=4 (full 0):
 garbage-first heap   total 68608K, used 52698K [0x0000000080000000, 0x0000000100000000)
  region size 1024K, 40 young (40960K), 7 survivors (7168K)
 Metaspace       used 26133K, committed 26432K, reserved 1114112K
  class space    used 3417K, committed 3584K, reserved 1048576K
}
Event: 4.089 GC heap after
{Heap after GC invocations=5 (full 0):
 garbage-first heap   total 68608K, used 20685K [0x0000000080000000, 0x0000000100000000)
  region size 1024K, 3 young (3072K), 3 survivors (3072K)
 Metaspace       used 26133K, committed 26432K, reserved 1114112K
  class space    used 3417K, committed 3584K, reserved 1048576K
}
Event: 4.796 GC heap before
{Heap before GC invocations=5 (full 0):
 garbage-first heap   total 68608K, used 54477K [0x0000000080000000, 0x0000000100000000)
  region size 1024K, 29 young (29696K), 3 survivors (3072K)
 Metaspace       used 29718K, committed 30080K, reserved 1114112K
  class space    used 4040K, committed 4224K, reserved 1048576K
}
Event: 4.800 GC heap after
{Heap after GC invocations=6 (full 0):
 garbage-first heap   total 68608K, used 30486K [0x0000000080000000, 0x0000000100000000)
  region size 1024K, 4 young (4096K), 4 survivors (4096K)
 Metaspace       used 29718K, committed 30080K, reserved 1114112K
  class space    used 4040K, committed 4224K, reserved 1048576K
}
Event: 5.259 GC heap before
{Heap before GC invocations=6 (full 0):
 garbage-first heap   total 68608K, used 49942K [0x0000000080000000, 0x0000000100000000)
  region size 1024K, 24 young (24576K), 4 survivors (4096K)
 Metaspace       used 32237K, committed 32640K, reserved 1114112K
  class space    used 4440K, committed 4608K, reserved 1048576K
}
Event: 5.263 GC heap after
{Heap after GC invocations=7 (full 0):
 garbage-first heap   total 68608K, used 31932K [0x0000000080000000, 0x0000000100000000)
  region size 1024K, 2 young (2048K), 2 survivors (2048K)
 Metaspace       used 32237K, committed 32640K, reserved 1114112K
  class space    used 4440K, committed 4608K, reserved 1048576K
}
Event: 5.693 GC heap before
{Heap before GC invocations=7 (full 0):
 garbage-first heap   total 68608K, used 50364K [0x0000000080000000, 0x0000000100000000)
  region size 1024K, 21 young (21504K), 2 survivors (2048K)
 Metaspace       used 34783K, committed 35136K, reserved 1114112K
  class space    used 4831K, committed 4992K, reserved 1048576K
}
Event: 5.696 GC heap after
{Heap after GC invocations=8 (full 0):
 garbage-first heap   total 68608K, used 32493K [0x0000000080000000, 0x0000000100000000)
  region size 1024K, 2 young (2048K), 2 survivors (2048K)
 Metaspace       used 34783K, committed 35136K, reserved 1114112K
  class space    used 4831K, committed 4992K, reserved 1048576K
}
Event: 6.179 GC heap before
{Heap before GC invocations=9 (full 0):
 garbage-first heap   total 68608K, used 51949K [0x0000000080000000, 0x0000000100000000)
  region size 1024K, 22 young (22528K), 2 survivors (2048K)
 Metaspace       used 38754K, committed 39104K, reserved 1114112K
  class space    used 5271K, committed 5440K, reserved 1048576K
}
Event: 6.184 GC heap after
{Heap after GC invocations=10 (full 0):
 garbage-first heap   total 68608K, used 34534K [0x0000000080000000, 0x0000000100000000)
  region size 1024K, 3 young (3072K), 3 survivors (3072K)
 Metaspace       used 38754K, committed 39104K, reserved 1114112K
  class space    used 5271K, committed 5440K, reserved 1048576K
}
Event: 6.549 GC heap before
{Heap before GC invocations=10 (full 0):
 garbage-first heap   total 68608K, used 52966K [0x0000000080000000, 0x0000000100000000)
  region size 1024K, 22 young (22528K), 3 survivors (3072K)
 Metaspace       used 42146K, committed 42560K, reserved 1114112K
  class space    used 5648K, committed 5824K, reserved 1048576K
}
Event: 6.556 GC heap after
{Heap after GC invocations=11 (full 0):
 garbage-first heap   total 68608K, used 36930K [0x0000000080000000, 0x0000000100000000)
  region size 1024K, 3 young (3072K), 3 survivors (3072K)
 Metaspace       used 42146K, committed 42560K, reserved 1114112K
  class space    used 5648K, committed 5824K, reserved 1048576K
}
Event: 6.718 GC heap before
{Heap before GC invocations=12 (full 0):
 garbage-first heap   total 68608K, used 52290K [0x0000000080000000, 0x0000000100000000)
  region size 1024K, 19 young (19456K), 3 survivors (3072K)
 Metaspace       used 42596K, committed 42944K, reserved 1114112K
  class space    used 5694K, committed 5888K, reserved 1048576K
}
Event: 6.722 GC heap after
{Heap after GC invocations=13 (full 0):
 garbage-first heap   total 68608K, used 38096K [0x0000000080000000, 0x0000000100000000)
  region size 1024K, 2 young (2048K), 2 survivors (2048K)
 Metaspace       used 42596K, committed 42944K, reserved 1114112K
  class space    used 5694K, committed 5888K, reserved 1048576K
}
Event: 6.722 GC heap before
{Heap before GC invocations=13 (full 0):
 garbage-first heap   total 68608K, used 38096K [0x0000000080000000, 0x0000000100000000)
  region size 1024K, 3 young (3072K), 2 survivors (2048K)
 Metaspace       used 42596K, committed 42944K, reserved 1114112K
  class space    used 5694K, committed 5888K, reserved 1048576K
}
Event: 6.724 GC heap after
{Heap after GC invocations=14 (full 0):
 garbage-first heap   total 68608K, used 38480K [0x0000000080000000, 0x0000000100000000)
  region size 1024K, 1 young (1024K), 1 survivors (1024K)
 Metaspace       used 42596K, committed 42944K, reserved 1114112K
  class space    used 5694K, committed 5888K, reserved 1048576K
}
Event: 6.994 GC heap before
{Heap before GC invocations=15 (full 0):
 garbage-first heap   total 76800K, used 54864K [0x0000000080000000, 0x0000000100000000)
  region size 1024K, 12 young (12288K), 1 survivors (1024K)
 Metaspace       used 44525K, committed 44928K, reserved 1114112K
  class space    used 5880K, committed 6080K, reserved 1048576K
}
Event: 6.997 GC heap after
{Heap after GC invocations=16 (full 0):
 garbage-first heap   total 76800K, used 38774K [0x0000000080000000, 0x0000000100000000)
  region size 1024K, 1 young (1024K), 1 survivors (1024K)
 Metaspace       used 44525K, committed 44928K, reserved 1114112K
  class space    used 5880K, committed 6080K, reserved 1048576K
}

